[debug] [2023-09-17T17:35:22.910Z] ----------------------------------------------------------------------
[debug] [2023-09-17T17:35:22.914Z] Command:       /Users/davidgoren/.nvm/versions/node/v20.4.0/bin/node /opt/homebrew/bin/firebase init
[debug] [2023-09-17T17:35:22.914Z] CLI Version:   10.9.2
[debug] [2023-09-17T17:35:22.915Z] Platform:      darwin
[debug] [2023-09-17T17:35:22.915Z] Node Version:  v20.4.0
[debug] [2023-09-17T17:35:22.916Z] Time:          Sun Sep 17 2023 14:35:22 GMT-0300 (Chile Summer Time)
[debug] [2023-09-17T17:35:22.916Z] ----------------------------------------------------------------------
[debug] 
[debug] [2023-09-17T17:35:22.919Z] > command requires scopes: ["email","openid","https://www.googleapis.com/auth/cloudplatformprojects.readonly","https://www.googleapis.com/auth/firebase","https://www.googleapis.com/auth/cloud-platform"]
[debug] [2023-09-17T17:35:22.919Z] > authorizing via signed-in user (davidsuperrockstar@gmail.com)
[info] 
     ######## #### ########  ######## ########     ###     ######  ########
     ##        ##  ##     ## ##       ##     ##  ##   ##  ##       ##
     ######    ##  ########  ######   ########  #########  ######  ######
     ##        ##  ##    ##  ##       ##     ## ##     ##       ## ##
     ##       #### ##     ## ######## ########  ##     ##  ######  ########

You're about to initialize a Firebase project in this directory:

  /Users/davidgoren/Documents/swift/UberClone

[info] 
=== Project Setup
[info] 
[info] First, let's associate this project directory with a Firebase project.
[info] You can create multiple project aliases by running firebase use --add, 
[info] but for now we'll just set up a default project.
[info] 
[debug] [2023-09-17T17:35:52.812Z] > refreshing access token with scopes: []
[debug] [2023-09-17T17:35:52.813Z] >>> HTTP REQUEST POST https://www.googleapis.com/oauth2/v3/token  
 <request body omitted>
[debug] [2023-09-17T17:35:52.925Z] <<< HTTP RESPONSE 400 {"pragma":"no-cache","date":"Sun, 17 Sep 2023 17:35:53 GMT","cache-control":"no-cache, no-store, max-age=0, must-revalidate","expires":"Mon, 01 Jan 1990 00:00:00 GMT","content-type":"application/json; charset=utf-8","vary":"X-Origin, Referer, Origin,Accept-Encoding","server":"scaffolding on HTTPServer2","x-xss-protection":"0","x-frame-options":"SAMEORIGIN","x-content-type-options":"nosniff","alt-svc":"h3=\":443\"; ma=2592000,h3-29=\":443\"; ma=2592000","accept-ranges":"none","transfer-encoding":"chunked"}
[debug] [2023-09-17T17:35:52.926Z] >>> [apiv2][query] GET https://firebase.googleapis.com/v1beta1/projects pageSize=100
[debug] [2023-09-17T17:35:52.975Z] <<< [apiv2][status] GET https://firebase.googleapis.com/v1beta1/projects 401
[debug] [2023-09-17T17:35:52.975Z] <<< [apiv2][body] GET https://firebase.googleapis.com/v1beta1/projects [omitted]
[debug] [2023-09-17T17:35:52.976Z] HTTP Error: 401, Request had invalid authentication credentials. Expected OAuth 2 access token, login cookie or other valid authentication credential. See https://developers.google.com/identity/sign-in/web/devconsole-project.
[debug] [2023-09-17T17:35:53.012Z] FirebaseError: HTTP Error: 401, Request had invalid authentication credentials. Expected OAuth 2 access token, login cookie or other valid authentication credential. See https://developers.google.com/identity/sign-in/web/devconsole-project.
    at module.exports (/Users/davidgoren/.config/yarn/global/node_modules/firebase-tools/lib/responseToError.js:47:12)
    at RetryOperation._fn (/Users/davidgoren/.config/yarn/global/node_modules/firebase-tools/lib/apiv2.js:286:39)
    at process.processTicksAndRejections (node:internal/process/task_queues:95:5)
[error] 
[error] Error: Failed to list Firebase projects. See firebase-debug.log for more info.
